<?xml version="1.0" encoding="UTF-8"?>
<testng-results ignored="0" total="2" passed="2" failed="0" skipped="0">
  <reporter-output>
  </reporter-output>
  <suite started-at="2024-10-23T08:09:46 IST" name="Default suite" finished-at="2024-10-23T08:09:59 IST" duration-ms="12792">
    <groups>
    </groups>
    <test started-at="2024-10-23T08:09:46 IST" name="Default test" finished-at="2024-10-23T08:09:59 IST" duration-ms="12792">
      <class name="test.TestExecution1">
        <test-method is-config="true" signature="startUp()[pri:0, instance:test.TestExecution1@7d322cad]" started-at="2024-10-23T08:09:46 IST" name="startUp" finished-at="2024-10-23T08:09:49 IST" duration-ms="3067" status="PASS">
          <reporter-output>
          </reporter-output>
        </test-method> <!-- startUp -->
        <test-method signature="test()[pri:0, instance:test.TestExecution1@7d322cad]" started-at="2024-10-23T08:09:49 IST" name="test" finished-at="2024-10-23T08:09:53 IST" duration-ms="3625" status="PASS">
          <reporter-output>
          </reporter-output>
        </test-method> <!-- test -->
        <test-method is-config="true" signature="tearDown()[pri:0, instance:test.TestExecution1@7d322cad]" started-at="2024-10-23T08:09:53 IST" name="tearDown" finished-at="2024-10-23T08:09:53 IST" duration-ms="357" status="PASS">
          <reporter-output>
          </reporter-output>
        </test-method> <!-- tearDown -->
        <test-method is-config="true" signature="startUp()[pri:0, instance:test.TestExecution1@7d322cad]" started-at="2024-10-23T08:09:53 IST" name="startUp" finished-at="2024-10-23T08:09:56 IST" duration-ms="2228" status="PASS">
          <reporter-output>
          </reporter-output>
        </test-method> <!-- startUp -->
        <test-method signature="test1()[pri:0, instance:test.TestExecution1@7d322cad]" started-at="2024-10-23T08:09:56 IST" name="test1" finished-at="2024-10-23T08:09:59 IST" duration-ms="3188" status="PASS">
          <reporter-output>
          </reporter-output>
        </test-method> <!-- test1 -->
        <test-method is-config="true" signature="tearDown()[pri:0, instance:test.TestExecution1@7d322cad]" started-at="2024-10-23T08:09:59 IST" name="tearDown" finished-at="2024-10-23T08:09:59 IST" duration-ms="273" status="PASS">
          <reporter-output>
          </reporter-output>
        </test-method> <!-- tearDown -->
      </class> <!-- test.TestExecution1 -->
    </test> <!-- Default test -->
  </suite> <!-- Default suite -->
</testng-results>
